[30-Apr-2020 11:29:07 Europe/Moscow] PHP Notice:  Undefined variable: expression in E:\Storage_3__DEV\Developers\WebDeveloper\OpenServer\OSPanel\domains\my-framework-php\app\AppRouting.php on line 29
[30-Apr-2020 11:29:07 Europe/Moscow] PHP Warning:  preg_match(): Empty regular expression in E:\Storage_3__DEV\Developers\WebDeveloper\OpenServer\OSPanel\domains\my-framework-php\app\AppRouting.php on line 29
[30-Apr-2020 11:29:07 Europe/Moscow] PHP Notice:  Undefined variable: expression in E:\Storage_3__DEV\Developers\WebDeveloper\OpenServer\OSPanel\domains\my-framework-php\app\AppRouting.php on line 29
[30-Apr-2020 11:29:07 Europe/Moscow] PHP Warning:  preg_match(): Empty regular expression in E:\Storage_3__DEV\Developers\WebDeveloper\OpenServer\OSPanel\domains\my-framework-php\app\AppRouting.php on line 29
[30-Apr-2020 11:34:55 Europe/Moscow] PHP Parse error:  syntax error, unexpected ';', expecting ',' or ')' in E:\Storage_3__DEV\Developers\WebDeveloper\OpenServer\OSPanel\domains\my-framework-php\config\routing\Routing.php on line 23
[30-Apr-2020 11:34:55 Europe/Moscow] PHP Parse error:  syntax error, unexpected ';', expecting ',' or ')' in E:\Storage_3__DEV\Developers\WebDeveloper\OpenServer\OSPanel\domains\my-framework-php\config\routing\Routing.php on line 23
[30-Apr-2020 13:54:35 Europe/Moscow] PHP Parse error:  syntax error, unexpected 'var_dump' (T_STRING), expecting function (T_FUNCTION) or const (T_CONST) in E:\Storage_3__DEV\Developers\WebDeveloper\OpenServer\OSPanel\domains\my-framework-php\config\routing\Routing.php on line 53
[30-Apr-2020 13:54:35 Europe/Moscow] PHP Parse error:  syntax error, unexpected 'var_dump' (T_STRING), expecting function (T_FUNCTION) or const (T_CONST) in E:\Storage_3__DEV\Developers\WebDeveloper\OpenServer\OSPanel\domains\my-framework-php\config\routing\Routing.php on line 53
[30-Apr-2020 13:54:39 Europe/Moscow] PHP Parse error:  syntax error, unexpected 'var_dump' (T_STRING), expecting function (T_FUNCTION) or const (T_CONST) in E:\Storage_3__DEV\Developers\WebDeveloper\OpenServer\OSPanel\domains\my-framework-php\config\routing\Routing.php on line 53
[30-Apr-2020 13:54:39 Europe/Moscow] PHP Parse error:  syntax error, unexpected 'var_dump' (T_STRING), expecting function (T_FUNCTION) or const (T_CONST) in E:\Storage_3__DEV\Developers\WebDeveloper\OpenServer\OSPanel\domains\my-framework-php\config\routing\Routing.php on line 53
[30-Apr-2020 15:26:22 Europe/Moscow] PHP Parse error:  syntax error, unexpected ')' in E:\Storage_3__DEV\Developers\WebDeveloper\OpenServer\OSPanel\domains\my-framework-php\config\routing\Routing.php on line 20
[30-Apr-2020 15:26:22 Europe/Moscow] PHP Parse error:  syntax error, unexpected ')' in E:\Storage_3__DEV\Developers\WebDeveloper\OpenServer\OSPanel\domains\my-framework-php\config\routing\Routing.php on line 20
[30-Apr-2020 15:27:01 Europe/Moscow] PHP Parse error:  syntax error, unexpected ')' in E:\Storage_3__DEV\Developers\WebDeveloper\OpenServer\OSPanel\domains\my-framework-php\config\routing\Routing.php on line 20
[30-Apr-2020 15:27:01 Europe/Moscow] PHP Parse error:  syntax error, unexpected ')' in E:\Storage_3__DEV\Developers\WebDeveloper\OpenServer\OSPanel\domains\my-framework-php\config\routing\Routing.php on line 20
[30-Apr-2020 15:29:49 Europe/Moscow] PHP Parse error:  syntax error, unexpected ')' in E:\Storage_3__DEV\Developers\WebDeveloper\OpenServer\OSPanel\domains\my-framework-php\config\routing\Routing.php on line 20
[30-Apr-2020 15:29:49 Europe/Moscow] PHP Parse error:  syntax error, unexpected ')' in E:\Storage_3__DEV\Developers\WebDeveloper\OpenServer\OSPanel\domains\my-framework-php\config\routing\Routing.php on line 20
[30-Apr-2020 15:51:03 Europe/Moscow] PHP Notice:  Undefined variable: expression in E:\Storage_3__DEV\Developers\WebDeveloper\OpenServer\OSPanel\domains\my-framework-php\app\AppRouting.php on line 59
[30-Apr-2020 15:51:03 Europe/Moscow] PHP Warning:  preg_match(): Empty regular expression in E:\Storage_3__DEV\Developers\WebDeveloper\OpenServer\OSPanel\domains\my-framework-php\app\AppRouting.php on line 59
[30-Apr-2020 15:51:03 Europe/Moscow] PHP Notice:  Undefined variable: expression in E:\Storage_3__DEV\Developers\WebDeveloper\OpenServer\OSPanel\domains\my-framework-php\app\AppRouting.php on line 59
[30-Apr-2020 15:51:03 Europe/Moscow] PHP Warning:  preg_match(): Empty regular expression in E:\Storage_3__DEV\Developers\WebDeveloper\OpenServer\OSPanel\domains\my-framework-php\app\AppRouting.php on line 59
[30-Apr-2020 15:51:05 Europe/Moscow] PHP Notice:  Undefined variable: expression in E:\Storage_3__DEV\Developers\WebDeveloper\OpenServer\OSPanel\domains\my-framework-php\app\AppRouting.php on line 59
[30-Apr-2020 15:51:05 Europe/Moscow] PHP Warning:  preg_match(): Empty regular expression in E:\Storage_3__DEV\Developers\WebDeveloper\OpenServer\OSPanel\domains\my-framework-php\app\AppRouting.php on line 59
[30-Apr-2020 15:51:06 Europe/Moscow] PHP Notice:  Undefined variable: expression in E:\Storage_3__DEV\Developers\WebDeveloper\OpenServer\OSPanel\domains\my-framework-php\app\AppRouting.php on line 59
[30-Apr-2020 15:51:06 Europe/Moscow] PHP Warning:  preg_match(): Empty regular expression in E:\Storage_3__DEV\Developers\WebDeveloper\OpenServer\OSPanel\domains\my-framework-php\app\AppRouting.php on line 59
[30-Apr-2020 16:14:52 Europe/Moscow] PHP Fatal error:  Cannot use isset() on the result of an expression (you can use "null !== expression" instead) in E:\Storage_3__DEV\Developers\WebDeveloper\OpenServer\OSPanel\domains\my-framework-php\app\AppRouting.php on line 63
[30-Apr-2020 16:14:52 Europe/Moscow] PHP Fatal error:  Cannot use isset() on the result of an expression (you can use "null !== expression" instead) in E:\Storage_3__DEV\Developers\WebDeveloper\OpenServer\OSPanel\domains\my-framework-php\app\AppRouting.php on line 63
[30-Apr-2020 16:19:08 Europe/Moscow] PHP Parse error:  syntax error, unexpected ';', expecting ',' or ')' in E:\Storage_3__DEV\Developers\WebDeveloper\OpenServer\OSPanel\domains\my-framework-php\config\routing\Routing.php on line 19
[30-Apr-2020 16:19:09 Europe/Moscow] PHP Parse error:  syntax error, unexpected ';', expecting ',' or ')' in E:\Storage_3__DEV\Developers\WebDeveloper\OpenServer\OSPanel\domains\my-framework-php\config\routing\Routing.php on line 19
[30-Apr-2020 16:19:27 Europe/Moscow] PHP Parse error:  syntax error, unexpected ';', expecting ',' or ')' in E:\Storage_3__DEV\Developers\WebDeveloper\OpenServer\OSPanel\domains\my-framework-php\config\routing\Routing.php on line 19
[30-Apr-2020 16:19:27 Europe/Moscow] PHP Parse error:  syntax error, unexpected ';', expecting ',' or ')' in E:\Storage_3__DEV\Developers\WebDeveloper\OpenServer\OSPanel\domains\my-framework-php\config\routing\Routing.php on line 19
[30-Apr-2020 16:20:01 Europe/Moscow] PHP Parse error:  syntax error, unexpected ';', expecting ',' or ')' in E:\Storage_3__DEV\Developers\WebDeveloper\OpenServer\OSPanel\domains\my-framework-php\config\routing\Routing.php on line 20
[30-Apr-2020 16:20:01 Europe/Moscow] PHP Parse error:  syntax error, unexpected ';', expecting ',' or ')' in E:\Storage_3__DEV\Developers\WebDeveloper\OpenServer\OSPanel\domains\my-framework-php\config\routing\Routing.php on line 20
[30-Apr-2020 16:20:11 Europe/Moscow] PHP Parse error:  syntax error, unexpected ',', expecting ']' in E:\Storage_3__DEV\Developers\WebDeveloper\OpenServer\OSPanel\domains\my-framework-php\config\routing\Routing.php on line 17
[30-Apr-2020 16:20:11 Europe/Moscow] PHP Parse error:  syntax error, unexpected ',', expecting ']' in E:\Storage_3__DEV\Developers\WebDeveloper\OpenServer\OSPanel\domains\my-framework-php\config\routing\Routing.php on line 17
[30-Apr-2020 16:21:01 Europe/Moscow] PHP Parse error:  syntax error, unexpected ';', expecting ',' or ')' in E:\Storage_3__DEV\Developers\WebDeveloper\OpenServer\OSPanel\domains\my-framework-php\config\routing\Routing.php on line 22
[30-Apr-2020 16:21:01 Europe/Moscow] PHP Parse error:  syntax error, unexpected ';', expecting ',' or ')' in E:\Storage_3__DEV\Developers\WebDeveloper\OpenServer\OSPanel\domains\my-framework-php\config\routing\Routing.php on line 22
[30-Apr-2020 16:54:31 Europe/Moscow] PHP Warning:  in_array() expects parameter 2 to be array, string given in E:\Storage_3__DEV\Developers\WebDeveloper\OpenServer\OSPanel\domains\my-framework-php\app\AppRouting.php on line 25
[30-Apr-2020 16:54:32 Europe/Moscow] PHP Warning:  in_array() expects parameter 2 to be array, string given in E:\Storage_3__DEV\Developers\WebDeveloper\OpenServer\OSPanel\domains\my-framework-php\app\AppRouting.php on line 25
[30-Apr-2020 17:30:15 Europe/Moscow] PHP Fatal error:  Cannot redeclare app\AppModel::init() in E:\Storage_3__DEV\Developers\WebDeveloper\OpenServer\OSPanel\domains\my-framework-php\app\AppModel.php on line 30
[30-Apr-2020 17:31:32 Europe/Moscow] PHP Fatal error:  Cannot redeclare app\AppModel::init() in E:\Storage_3__DEV\Developers\WebDeveloper\OpenServer\OSPanel\domains\my-framework-php\app\AppModel.php on line 32
[30-Apr-2020 17:31:33 Europe/Moscow] PHP Fatal error:  Cannot redeclare app\AppModel::init() in E:\Storage_3__DEV\Developers\WebDeveloper\OpenServer\OSPanel\domains\my-framework-php\app\AppModel.php on line 32
[30-Apr-2020 17:31:33 Europe/Moscow] PHP Fatal error:  Cannot redeclare app\AppModel::init() in E:\Storage_3__DEV\Developers\WebDeveloper\OpenServer\OSPanel\domains\my-framework-php\app\AppModel.php on line 32
[30-Apr-2020 17:31:33 Europe/Moscow] PHP Fatal error:  Cannot redeclare app\AppModel::init() in E:\Storage_3__DEV\Developers\WebDeveloper\OpenServer\OSPanel\domains\my-framework-php\app\AppModel.php on line 32
[30-Apr-2020 17:31:47 Europe/Moscow] PHP Fatal error:  Cannot redeclare app\AppModel::init() in E:\Storage_3__DEV\Developers\WebDeveloper\OpenServer\OSPanel\domains\my-framework-php\app\AppModel.php on line 32
[30-Apr-2020 17:31:48 Europe/Moscow] PHP Fatal error:  Cannot redeclare app\AppModel::init() in E:\Storage_3__DEV\Developers\WebDeveloper\OpenServer\OSPanel\domains\my-framework-php\app\AppModel.php on line 32
[30-Apr-2020 17:32:06 Europe/Moscow] PHP Fatal error:  Cannot redeclare app\AppModel::init() in E:\Storage_3__DEV\Developers\WebDeveloper\OpenServer\OSPanel\domains\my-framework-php\app\AppModel.php on line 32
[30-Apr-2020 17:32:07 Europe/Moscow] PHP Fatal error:  Cannot redeclare app\AppModel::init() in E:\Storage_3__DEV\Developers\WebDeveloper\OpenServer\OSPanel\domains\my-framework-php\app\AppModel.php on line 32
[30-Apr-2020 17:32:07 Europe/Moscow] PHP Fatal error:  Cannot redeclare app\AppModel::init() in E:\Storage_3__DEV\Developers\WebDeveloper\OpenServer\OSPanel\domains\my-framework-php\app\AppModel.php on line 32
[30-Apr-2020 17:32:24 Europe/Moscow] PHP Fatal error:  Cannot redeclare app\AppModel::init() in E:\Storage_3__DEV\Developers\WebDeveloper\OpenServer\OSPanel\domains\my-framework-php\app\AppModel.php on line 32
[30-Apr-2020 17:33:46 Europe/Moscow] PHP Fatal error:  Cannot redeclare app\AppModel::init() in E:\Storage_3__DEV\Developers\WebDeveloper\OpenServer\OSPanel\domains\my-framework-php\app\AppModel.php on line 32
[30-Apr-2020 17:33:52 Europe/Moscow] PHP Fatal error:  Cannot redeclare app\AppModel::init() in E:\Storage_3__DEV\Developers\WebDeveloper\OpenServer\OSPanel\domains\my-framework-php\app\AppModel.php on line 32
[30-Apr-2020 17:34:01 Europe/Moscow] PHP Parse error:  syntax error, unexpected 'init' (T_STRING), expecting function (T_FUNCTION) or const (T_CONST) in E:\Storage_3__DEV\Developers\WebDeveloper\OpenServer\OSPanel\domains\my-framework-php\models\MyModel.php on line 11
[30-Apr-2020 17:34:07 Europe/Moscow] PHP Fatal error:  Cannot redeclare app\AppModel::init() in E:\Storage_3__DEV\Developers\WebDeveloper\OpenServer\OSPanel\domains\my-framework-php\app\AppModel.php on line 32
[30-Apr-2020 17:34:14 Europe/Moscow] PHP Fatal error:  Cannot redeclare app\AppModel::init() in E:\Storage_3__DEV\Developers\WebDeveloper\OpenServer\OSPanel\domains\my-framework-php\app\AppModel.php on line 32
[30-Apr-2020 17:35:47 Europe/Moscow] PHP Fatal error:  Class app\models\MyModel contains 1 abstract method and must therefore be declared abstract or implement the remaining methods (app\AppModel::init) in E:\Storage_3__DEV\Developers\WebDeveloper\OpenServer\OSPanel\domains\my-framework-php\models\MyModel.php on line 8
[30-Apr-2020 20:00:43 Europe/Moscow] PHP Fatal error:  Uncaught Error: Call to protected method app\models\MyModel::validation() from context 'app\controllers\MyController' in E:\Storage_3__DEV\Developers\WebDeveloper\OpenServer\OSPanel\domains\my-framework-php\controllers\MyController.php:16
Stack trace:
#0 E:\Storage_3__DEV\Developers\WebDeveloper\OpenServer\OSPanel\domains\my-framework-php\app\AppRouting.php(36): app\controllers\MyController->index()
#1 E:\Storage_3__DEV\Developers\WebDeveloper\OpenServer\OSPanel\domains\my-framework-php\config\routing\Routing.php(16): app\AppRouting->all('/upload', 'app\\controllers...', 'index', Array)
#2 E:\Storage_3__DEV\Developers\WebDeveloper\OpenServer\OSPanel\domains\my-framework-php\app\App.php(24): app\config\routing\Routing->init()
#3 E:\Storage_3__DEV\Developers\WebDeveloper\OpenServer\OSPanel\domains\my-framework-php\public_html\index.php(12): app\App->init()
#4 {main}
  thrown in E:\Storage_3__DEV\Developers\WebDeveloper\OpenServer\OSPanel\domains\my-framework-php\controllers\MyController.php on line 16
[30-Apr-2020 20:01:17 Europe/Moscow] PHP Fatal error:  Uncaught Error: Call to protected method app\models\MyModel::validation() from context 'app\controllers\MyController' in E:\Storage_3__DEV\Developers\WebDeveloper\OpenServer\OSPanel\domains\my-framework-php\controllers\MyController.php:16
Stack trace:
#0 E:\Storage_3__DEV\Developers\WebDeveloper\OpenServer\OSPanel\domains\my-framework-php\app\AppRouting.php(36): app\controllers\MyController->index()
#1 E:\Storage_3__DEV\Developers\WebDeveloper\OpenServer\OSPanel\domains\my-framework-php\config\routing\Routing.php(16): app\AppRouting->all('/upload', 'app\\controllers...', 'index', Array)
#2 E:\Storage_3__DEV\Developers\WebDeveloper\OpenServer\OSPanel\domains\my-framework-php\app\App.php(24): app\config\routing\Routing->init()
#3 E:\Storage_3__DEV\Developers\WebDeveloper\OpenServer\OSPanel\domains\my-framework-php\public_html\index.php(12): app\App->init()
#4 {main}
  thrown in E:\Storage_3__DEV\Developers\WebDeveloper\OpenServer\OSPanel\domains\my-framework-php\controllers\MyController.php on line 16
[30-Apr-2020 20:01:55 Europe/Moscow] PHP Fatal error:  Uncaught Error: Call to protected method app\models\MyModel::validation() from context 'app\controllers\MyController' in E:\Storage_3__DEV\Developers\WebDeveloper\OpenServer\OSPanel\domains\my-framework-php\controllers\MyController.php:16
Stack trace:
#0 E:\Storage_3__DEV\Developers\WebDeveloper\OpenServer\OSPanel\domains\my-framework-php\app\AppRouting.php(36): app\controllers\MyController->index()
#1 E:\Storage_3__DEV\Developers\WebDeveloper\OpenServer\OSPanel\domains\my-framework-php\config\routing\Routing.php(16): app\AppRouting->all('/upload', 'app\\controllers...', 'index', Array)
#2 E:\Storage_3__DEV\Developers\WebDeveloper\OpenServer\OSPanel\domains\my-framework-php\app\App.php(24): app\config\routing\Routing->init()
#3 E:\Storage_3__DEV\Developers\WebDeveloper\OpenServer\OSPanel\domains\my-framework-php\public_html\index.php(12): app\App->init()
#4 {main}
  thrown in E:\Storage_3__DEV\Developers\WebDeveloper\OpenServer\OSPanel\domains\my-framework-php\controllers\MyController.php on line 16
[30-Apr-2020 20:14:14 Europe/Moscow] PHP Parse error:  syntax error, unexpected 'echo' (T_ECHO), expecting ';' in E:\Storage_3__DEV\Developers\WebDeveloper\OpenServer\OSPanel\domains\my-framework-php\controllers\MyController.php on line 21
[01-May-2020 13:24:57 Europe/Moscow] PHP Notice:  Undefined variable: json_return in E:\Storage_3__DEV\Developers\WebDeveloper\OpenServer\OSPanel\domains\my-framework-php\models\MyModel.php on line 15
[01-May-2020 19:38:35 Europe/Moscow] PHP Notice:  Undefined property: app\controllers\MyController::$json_return in E:\Storage_3__DEV\Developers\WebDeveloper\OpenServer\OSPanel\domains\my-framework-php\controllers\MyController.php on line 18
[01-May-2020 19:38:46 Europe/Moscow] PHP Notice:  Undefined property: app\controllers\MyController::$json_return in E:\Storage_3__DEV\Developers\WebDeveloper\OpenServer\OSPanel\domains\my-framework-php\controllers\MyController.php on line 18
[01-May-2020 19:49:34 Europe/Moscow] PHP Parse error:  syntax error, unexpected '}', expecting ',' or ';' in E:\Storage_3__DEV\Developers\WebDeveloper\OpenServer\OSPanel\domains\my-framework-php\controllers\MyController.php on line 20
[01-May-2020 19:50:00 Europe/Moscow] PHP Parse error:  syntax error, unexpected 'echo' (T_ECHO), expecting ';' in E:\Storage_3__DEV\Developers\WebDeveloper\OpenServer\OSPanel\domains\my-framework-php\controllers\MyController.php on line 32
[01-May-2020 19:50:50 Europe/Moscow] PHP Parse error:  syntax error, unexpected 'echo' (T_ECHO), expecting ';' in E:\Storage_3__DEV\Developers\WebDeveloper\OpenServer\OSPanel\domains\my-framework-php\controllers\MyController.php on line 32
[01-May-2020 19:51:08 Europe/Moscow] PHP Parse error:  syntax error, unexpected 'return' (T_RETURN), expecting ',' or ';' in E:\Storage_3__DEV\Developers\WebDeveloper\OpenServer\OSPanel\domains\my-framework-php\controllers\MyController.php on line 34
[01-May-2020 19:53:52 Europe/Moscow] PHP Notice:  Array to string conversion in E:\Storage_3__DEV\Developers\WebDeveloper\OpenServer\OSPanel\domains\my-framework-php\controllers\MyController.php on line 28
[02-May-2020 09:22:46 Europe/Moscow] PHP Fatal error:  Uncaught Error: Class '\app\controllers\MyController::class' not found in E:\Storage_3__DEV\Developers\WebDeveloper\OpenServer\OSPanel\domains\my-framework-php\app\AppRouting.php:36
Stack trace:
#0 E:\Storage_3__DEV\Developers\WebDeveloper\OpenServer\OSPanel\domains\my-framework-php\config\routing\Routing.php(16): app\AppRouting->all('/upload', '\\app\\controller...', 'index', Array)
#1 E:\Storage_3__DEV\Developers\WebDeveloper\OpenServer\OSPanel\domains\my-framework-php\app\App.php(24): app\config\routing\Routing->init()
#2 E:\Storage_3__DEV\Developers\WebDeveloper\OpenServer\OSPanel\domains\my-framework-php\public_html\index.php(12): app\App->init()
#3 {main}
  thrown in E:\Storage_3__DEV\Developers\WebDeveloper\OpenServer\OSPanel\domains\my-framework-php\app\AppRouting.php on line 36
